<?xml version="1.0" encoding="UTF-8"?>
<!-- Generated by org.testng.reporters.JUnitXMLReporter -->
<testsuite hostname="TheOjos" ignored="0" name="Command line test" tests="3" failures="0" timestamp="21 Mar 2022 05:18:50 GMT" time="172.136" errors="0">
  <testcase name="validUserShouldBeAbleToCreateCustomer" time="70.085" classname="test.AddCustomerTestTest"/>
  <testcase name="validUserShouldBeAbleToListCustomer" time="28.944" classname="test.ListCustomerTestTest"/>
  <testcase name="validUserShouldBeAbleToLogin" time="73.057" classname="test.LoginTestTest"/>
</testsuite> <!-- Command line test -->
