<?xml version="1.0" encoding="UTF-8"?>
<testng-results skipped="0" failed="0" ignored="0" total="3" passed="3">
  <reporter-output>
  </reporter-output>
  <suite name="Command line suite" duration-ms="172136" started-at="2022-03-21T05:15:58Z" finished-at="2022-03-21T05:18:50Z">
    <groups>
    </groups>
    <test name="Command line test" duration-ms="172136" started-at="2022-03-21T05:15:58Z" finished-at="2022-03-21T05:18:50Z">
      <class name="test.LoginTestTest">
        <test-method status="PASS" signature="validUserShouldBeAbleToLogin()[pri:0, instance:test.LoginTestTest@39ba5a14]" name="validUserShouldBeAbleToLogin" duration-ms="73057" started-at="2022-03-21T05:17:37Z" finished-at="2022-03-21T05:18:50Z">
          <reporter-output>
          </reporter-output>
        </test-method> <!-- validUserShouldBeAbleToLogin -->
      </class> <!-- test.LoginTestTest -->
      <class name="test.AddCustomerTestTest">
        <test-method status="PASS" signature="validUserShouldBeAbleToCreateCustomer()[pri:0, instance:test.AddCustomerTestTest@7f63425a]" name="validUserShouldBeAbleToCreateCustomer" duration-ms="70085" started-at="2022-03-21T05:15:58Z" finished-at="2022-03-21T05:17:08Z">
          <reporter-output>
          </reporter-output>
        </test-method> <!-- validUserShouldBeAbleToCreateCustomer -->
      </class> <!-- test.AddCustomerTestTest -->
      <class name="test.ListCustomerTestTest">
        <test-method status="PASS" signature="validUserShouldBeAbleToListCustomer()[pri:0, instance:test.ListCustomerTestTest@36d64342]" name="validUserShouldBeAbleToListCustomer" duration-ms="28944" started-at="2022-03-21T05:17:08Z" finished-at="2022-03-21T05:17:37Z">
          <reporter-output>
          </reporter-output>
        </test-method> <!-- validUserShouldBeAbleToListCustomer -->
      </class> <!-- test.ListCustomerTestTest -->
    </test> <!-- Command line test -->
  </suite> <!-- Command line suite -->
</testng-results>
